<?xml version="1.0" encoding="UTF-8"?>
<testng-results ignored="0" total="1" passed="1" failed="0" skipped="0">
  <reporter-output>
  </reporter-output>
  <suite started-at="2025-11-03T22:24:44 BDT" name="Default suite" finished-at="2025-11-03T22:25:42 BDT" duration-ms="57848">
    <groups>
    </groups>
    <test started-at="2025-11-03T22:24:44 BDT" name="Default test" finished-at="2025-11-03T22:25:42 BDT" duration-ms="57848">
      <class name="com.mahabub.project.WebAutomation.Tab_Handling">
        <test-method is-config="true" signature="start()[pri:0, instance:com.mahabub.project.WebAutomation.Tab_Handling@645aa696]" started-at="2025-11-03T22:24:43 BDT" name="start" finished-at="2025-11-03T22:24:44 BDT" duration-ms="1210" status="PASS">
          <reporter-output>
          </reporter-output>
        </test-method> <!-- start -->
        <test-method signature="TabHandling()[pri:0, instance:com.mahabub.project.WebAutomation.Tab_Handling@645aa696]" started-at="2025-11-03T22:24:44 BDT" name="TabHandling" finished-at="2025-11-03T22:25:42 BDT" duration-ms="57825" status="PASS">
          <reporter-output>
          </reporter-output>
        </test-method> <!-- TabHandling -->
        <test-method is-config="true" signature="close()[pri:0, instance:com.mahabub.project.WebAutomation.Tab_Handling@645aa696]" started-at="2025-11-03T22:25:42 BDT" name="close" finished-at="2025-11-03T22:25:42 BDT" duration-ms="201" status="PASS">
          <reporter-output>
          </reporter-output>
        </test-method> <!-- close -->
      </class> <!-- com.mahabub.project.WebAutomation.Tab_Handling -->
    </test> <!-- Default test -->
  </suite> <!-- Default suite -->
</testng-results>
